src/app/features/admin/banners/admin-banner-list/admin-banner-list.component.ts(10,31): error TS2307: Cannot find module '../../../../../core/services/banner.service' or its corresponding type declarations.
src/app/features/admin/banners/admin-banner-list/admin-banner-list.component.ts(11,24): error TS2307: Cannot find module '../../../../../core/models/models' or its corresponding type declarations.
src/app/features/admin/banners/admin-banner-list/admin-banner-list.component.ts(160,24): error TS2339: Property 'getAllBanners' does not exist on type 'unknown'.
src/app/features/admin/banners/admin-banner-list/admin-banner-list.component.ts(185,24): error TS2339: Property 'createBanner' does not exist on type 'unknown'.
src/app/features/admin/banners/admin-banner-list/admin-banner-list.component.ts(202,24): error TS2339: Property 'updateBannerStatus' does not exist on type 'unknown'.
src/app/features/admin/banners/admin-banner-list/admin-banner-list.component.ts(216,26): error TS2339: Property 'deleteBanner' does not exist on type 'unknown'.
src/app/features/admin/coupons/admin-coupon-list/admin-coupon-list.component.ts(13,31): error TS2307: Cannot find module '../../../../../core/services/coupon.service' or its corresponding type declarations.
src/app/features/admin/coupons/admin-coupon-list/admin-coupon-list.component.ts(14,24): error TS2307: Cannot find module '../../../../../core/models/models' or its corresponding type declarations.
src/app/features/admin/coupons/admin-coupon-list/admin-coupon-list.component.ts(181,24): error TS2339: Property 'getAllCoupons' does not exist on type 'unknown'.
src/app/features/admin/coupons/admin-coupon-list/admin-coupon-list.component.ts(197,24): error TS2339: Property 'createCoupon' does not exist on type 'unknown'.
src/app/features/admin/coupons/admin-coupon-list/admin-coupon-list.component.ts(213,24): error TS2339: Property 'updateCouponStatus' does not exist on type 'unknown'.
src/app/features/admin/coupons/admin-coupon-list/admin-coupon-list.component.ts(227,26): error TS2339: Property 'deleteCoupon' does not exist on type 'unknown'.
src/app/features/admin/dashboard/dashboard.component.ts(9,29): error TS2307: Cannot find module '../../../../core/models/models' or its corresponding type declarations.
src/app/features/admin/orders/admin-order-detail/admin-order-detail.component.ts(11,30): error TS2307: Cannot find module '../../../../../core/services/order.service' or its corresponding type declarations.
src/app/features/admin/orders/admin-order-detail/admin-order-detail.component.ts(13,36): error TS2307: Cannot find module '../../../../../core/models/models' or its corresponding type declarations.
src/app/features/admin/orders/admin-order-detail/admin-order-detail.component.ts(195,23): error TS2339: Property 'getOrderById' does not exist on type 'unknown'.
src/app/features/admin/orders/admin-order-detail/admin-order-detail.component.ts(216,23): error TS2339: Property 'updateOrderStatus' does not exist on type 'unknown'.
src/app/features/admin/orders/admin-order-list/admin-order-list.component.ts(10,30): error TS2307: Cannot find module '../../../../../core/services/order.service' or its corresponding type declarations.
src/app/features/admin/orders/admin-order-list/admin-order-list.component.ts(11,36): error TS2307: Cannot find module '../../../../../core/models/models' or its corresponding type declarations.
src/app/features/admin/orders/admin-order-list/admin-order-list.component.ts(136,23): error TS2339: Property 'getOrders' does not exist on type 'unknown'.
src/app/features/admin/products/admin-product-form/admin-product-form.component.ts(11,32): error TS2307: Cannot find module '../../../../../core/services/product.service' or its corresponding type declarations.
src/app/features/admin/products/admin-product-form/admin-product-form.component.ts(12,51): error TS2307: Cannot find module '../../../../../core/models/models' or its corresponding type declarations.
src/app/features/admin/products/admin-product-form/admin-product-form.component.ts(208,25): error TS2339: Property 'getCategories' does not exist on type 'unknown'.
src/app/features/admin/products/admin-product-form/admin-product-form.component.ts(226,25): error TS2339: Property 'getProductBySlug' does not exist on type 'unknown'.
src/app/features/admin/products/admin-product-form/admin-product-form.component.ts(282,29): error TS2339: Property 'updateProduct' does not exist on type 'unknown'.
src/app/features/admin/products/admin-product-form/admin-product-form.component.ts(283,29): error TS2339: Property 'createProduct' does not exist on type 'unknown'.
src/app/features/admin/products/admin-product-list/admin-product-list.component.ts(10,32): error TS2307: Cannot find module '../../../../../core/services/product.service' or its corresponding type declarations.
src/app/features/admin/products/admin-product-list/admin-product-list.component.ts(11,25): error TS2307: Cannot find module '../../../../../core/models/models' or its corresponding type declarations.
src/app/features/admin/products/admin-product-list/admin-product-list.component.ts(150,25): error TS2339: Property 'getProducts' does not exist on type 'unknown'.
src/app/features/admin/products/admin-product-list/admin-product-list.component.ts(176,27): error TS2339: Property 'deleteProduct' does not exist on type 'unknown'.
src/app/features/admin/users/admin-user-list/admin-user-list.component.ts(11,41): error TS2307: Cannot find module '../../../../../core/models/models' or its corresponding type declarations.
src/app/features/cart/cart-page/cart-page.component.ts(11,29): error TS2307: Cannot find module '../../../../core/services/cart.service' or its corresponding type declarations.
src/app/features/cart/cart-page/cart-page.component.ts(12,31): error TS2307: Cannot find module '../../../../core/services/coupon.service' or its corresponding type declarations.
src/app/features/cart/cart-page/cart-page.component.ts(13,24): error TS2307: Cannot find module '../../../../core/models/models' or its corresponding type declarations.
src/app/features/cart/cart-page/cart-page.component.ts(182,22): error TS2339: Property 'getCart' does not exist on type 'unknown'.
src/app/features/cart/cart-page/cart-page.component.ts(192,22): error TS2339: Property 'updateItemQuantity' does not exist on type 'unknown'.
src/app/features/cart/cart-page/cart-page.component.ts(196,22): error TS2339: Property 'removeItem' does not exist on type 'unknown'.
src/app/features/cart/cart-page/cart-page.component.ts(201,24): error TS2339: Property 'clearCart' does not exist on type 'unknown'.
src/app/features/cart/cart-page/cart-page.component.ts(207,35): error TS2339: Property 'currentCart' does not exist on type 'unknown'.
src/app/features/cart/cart-page/cart-page.component.ts(237,24): error TS2339: Property 'validateCoupon' does not exist on type 'unknown'.
src/app/features/cart/cart-page/cart-page.component.ts(265,27): error TS2339: Property 'currentCart' does not exist on type 'unknown'.
src/app/features/checkout/checkout-page/checkout-page.component.ts(11,29): error TS2307: Cannot find module '../../../../core/services/cart.service' or its corresponding type declarations.
src/app/features/checkout/checkout-page/checkout-page.component.ts(12,30): error TS2307: Cannot find module '../../../../core/services/order.service' or its corresponding type declarations.
src/app/features/checkout/checkout-page/checkout-page.component.ts(13,39): error TS2307: Cannot find module '../../../../core/models/models' or its corresponding type declarations.
src/app/features/checkout/checkout-page/checkout-page.component.ts(218,27): error TS2339: Property 'currentCart' does not exist on type 'unknown'.
src/app/features/checkout/checkout-page/checkout-page.component.ts(224,35): error TS2339: Property 'currentCart' does not exist on type 'unknown'.
src/app/features/checkout/checkout-page/checkout-page.component.ts(258,23): error TS2339: Property 'placeOrder' does not exist on type 'unknown'.
src/app/features/checkout/checkout-page/checkout-page.component.ts(264,28): error TS2339: Property 'clearCart' does not exist on type 'unknown'.
src/app/features/home/home.component.ts(7,31): error TS2307: Cannot find module '../../../core/services/banner.service' or its corresponding type declarations.
src/app/features/home/home.component.ts(8,32): error TS2307: Cannot find module '../../../core/services/product.service' or its corresponding type declarations.
src/app/features/home/home.component.ts(9,43): error TS2307: Cannot find module '../../../core/models/models' or its corresponding type declarations.
src/app/features/home/home.component.ts(155,24): error TS2339: Property 'getActiveBanners' does not exist on type 'unknown'.
src/app/features/home/home.component.ts(159,25): error TS2339: Property 'getCategories' does not exist on type 'unknown'.
src/app/features/home/home.component.ts(163,25): error TS2339: Property 'getProducts' does not exist on type 'unknown'.
src/app/features/orders/order-detail/order-detail.component.ts(11,30): error TS2307: Cannot find module '../../../../core/services/order.service' or its corresponding type declarations.
src/app/features/orders/order-detail/order-detail.component.ts(13,36): error TS2307: Cannot find module '../../../../core/models/models' or its corresponding type declarations.
src/app/features/orders/order-detail/order-detail.component.ts(216,23): error TS2339: Property 'getOrderById' does not exist on type 'unknown'.
src/app/features/orders/order-detail/order-detail.component.ts(261,23): error TS2339: Property 'cancelOrder' does not exist on type 'unknown'.
src/app/features/orders/order-list/order-list.component.ts(9,30): error TS2307: Cannot find module '../../../../core/services/order.service' or its corresponding type declarations.
src/app/features/orders/order-list/order-list.component.ts(11,36): error TS2307: Cannot find module '../../../../core/models/models' or its corresponding type declarations.
src/app/features/orders/order-list/order-list.component.ts(121,23): error TS2339: Property 'getOrders' does not exist on type 'unknown'.
src/app/features/products/product-card/product-card.component.ts(8,25): error TS2307: Cannot find module '../../../../core/models/models' or its corresponding type declarations.
src/app/features/products/product-card/product-card.component.ts(9,33): error TS2307: Cannot find module '../../../../core/services/wishlist.service' or its corresponding type declarations.
src/app/features/products/product-card/product-card.component.ts(10,29): error TS2307: Cannot find module '../../../../core/services/auth.service' or its corresponding type declarations.
src/app/features/products/product-card/product-card.component.ts(117,33): error TS2339: Property 'isWishlisted' does not exist on type 'unknown'.
src/app/features/products/product-card/product-card.component.ts(121,27): error TS2339: Property 'isLoggedIn' does not exist on type 'unknown'.
src/app/features/products/product-card/product-card.component.ts(128,28): error TS2339: Property 'removeFromWishlist' does not exist on type 'unknown'.
src/app/features/products/product-card/product-card.component.ts(130,28): error TS2339: Property 'addToWishlist' does not exist on type 'unknown'.
src/app/features/products/product-detail/product-detail.component.ts(9,32): error TS2307: Cannot find module '../../../../core/services/product.service' or its corresponding type declarations.
src/app/features/products/product-detail/product-detail.component.ts(10,29): error TS2307: Cannot find module '../../../../core/services/cart.service' or its corresponding type declarations.
src/app/features/products/product-detail/product-detail.component.ts(11,29): error TS2307: Cannot find module '../../../../core/services/auth.service' or its corresponding type declarations.
src/app/features/products/product-detail/product-detail.component.ts(12,41): error TS2307: Cannot find module '../../../../core/models/models' or its corresponding type declarations.
src/app/features/products/product-detail/product-detail.component.ts(178,25): error TS2339: Property 'getProductBySlug' does not exist on type 'unknown'.
src/app/features/products/product-detail/product-detail.component.ts(222,27): error TS2339: Property 'isLoggedIn' does not exist on type 'unknown'.
src/app/features/products/product-detail/product-detail.component.ts(230,24): error TS2339: Property 'addItem' does not exist on type 'unknown'.
src/app/features/products/product-list/product-list.component.ts(13,32): error TS2307: Cannot find module '../../../../core/services/product.service' or its corresponding type declarations.
src/app/features/products/product-list/product-list.component.ts(14,35): error TS2307: Cannot find module '../../../../core/models/models' or its corresponding type declarations.
src/app/features/products/product-list/product-list.component.ts(133,25): error TS2339: Property 'getCategories' does not exist on type 'unknown'.
src/app/features/products/product-list/product-list.component.ts(157,25): error TS2339: Property 'getProducts' does not exist on type 'unknown'.
src/app/features/profile/profile-page/profile-page.component.ts(9,29): error TS2307: Cannot find module '../../../../core/services/auth.service' or its corresponding type declarations.
src/app/features/profile/profile-page/profile-page.component.ts(12,35): error TS2307: Cannot find module '../../../../core/models/models' or its corresponding type declarations.
src/app/features/profile/profile-page/profile-page.component.ts(104,34): error TS2339: Property 'currentUser' does not exist on type 'unknown'.
src/app/features/profile/profile-page/profile-page.component.ts(134,30): error TS2339: Property 'loadUser' does not exist on type 'unknown'.
src/app/features/wishlist/wishlist-page/wishlist-page.component.ts(8,33): error TS2307: Cannot find module '../../../../core/services/wishlist.service' or its corresponding type declarations.
src/app/features/wishlist/wishlist-page/wishlist-page.component.ts(9,29): error TS2307: Cannot find module '../../../../core/services/cart.service' or its corresponding type declarations.
src/app/features/wishlist/wishlist-page/wishlist-page.component.ts(12,32): error TS2307: Cannot find module '../../../../core/models/models' or its corresponding type declarations.
src/app/features/wishlist/wishlist-page/wishlist-page.component.ts(93,26): error TS2339: Property 'getWishlist' does not exist on type 'unknown'.
src/app/features/wishlist/wishlist-page/wishlist-page.component.ts(108,22): error TS2339: Property 'addItem' does not exist on type 'unknown'.
src/app/features/wishlist/wishlist-page/wishlist-page.component.ts(111,30): error TS2339: Property 'removeFromWishlist' does not exist on type 'unknown'.
