src/app/core/interceptors/error.interceptor.ts(6,29): error TS2307: Cannot find module '@angular/material/snack-bar' or its corresponding type declarations.
src/app/core/interceptors/error.interceptor.ts(38,7): error TS18046: 'snackBar' is of type 'unknown'.
src/app/features/admin/banners/admin-banner-list/admin-banner-list.component.ts(4,31): error TS2307: Cannot find module '@angular/material/card' or its corresponding type declarations.
src/app/features/admin/banners/admin-banner-list/admin-banner-list.component.ts(5,33): error TS2307: Cannot find module '@angular/material/button' or its corresponding type declarations.
src/app/features/admin/banners/admin-banner-list/admin-banner-list.component.ts(6,31): error TS2307: Cannot find module '@angular/material/icon' or its corresponding type declarations.
src/app/features/admin/banners/admin-banner-list/admin-banner-list.component.ts(7,32): error TS2307: Cannot find module '@angular/material/input' or its corresponding type declarations.
src/app/features/admin/banners/admin-banner-list/admin-banner-list.component.ts(8,38): error TS2307: Cannot find module '@angular/material/slide-toggle' or its corresponding type declarations.
src/app/features/admin/banners/admin-banner-list/admin-banner-list.component.ts(9,29): error TS2307: Cannot find module '@angular/material/snack-bar' or its corresponding type declarations.
src/app/features/admin/banners/admin-banner-list/admin-banner-list.component.ts(10,31): error TS2307: Cannot find module '../../../../../core/services/banner.service' or its corresponding type declarations.
src/app/features/admin/banners/admin-banner-list/admin-banner-list.component.ts(11,24): error TS2307: Cannot find module '../../../../../core/models/models' or its corresponding type declarations.
src/app/features/admin/banners/admin-banner-list/admin-banner-list.component.ts(160,5): error TS2571: Object is of type 'unknown'.
src/app/features/admin/banners/admin-banner-list/admin-banner-list.component.ts(161,14): error TS7006: Parameter 'res' implicitly has an 'any' type.
src/app/features/admin/banners/admin-banner-list/admin-banner-list.component.ts(185,5): error TS2571: Object is of type 'unknown'.
src/app/features/admin/banners/admin-banner-list/admin-banner-list.component.ts(186,14): error TS7006: Parameter 'res' implicitly has an 'any' type.
src/app/features/admin/banners/admin-banner-list/admin-banner-list.component.ts(188,11): error TS2571: Object is of type 'unknown'.
src/app/features/admin/banners/admin-banner-list/admin-banner-list.component.ts(202,5): error TS2571: Object is of type 'unknown'.
src/app/features/admin/banners/admin-banner-list/admin-banner-list.component.ts(203,14): error TS7006: Parameter 'res' implicitly has an 'any' type.
src/app/features/admin/banners/admin-banner-list/admin-banner-list.component.ts(205,11): error TS2571: Object is of type 'unknown'.
src/app/features/admin/banners/admin-banner-list/admin-banner-list.component.ts(216,7): error TS2571: Object is of type 'unknown'.
src/app/features/admin/banners/admin-banner-list/admin-banner-list.component.ts(217,16): error TS7006: Parameter 'res' implicitly has an 'any' type.
src/app/features/admin/banners/admin-banner-list/admin-banner-list.component.ts(219,13): error TS2571: Object is of type 'unknown'.
src/app/features/admin/coupons/admin-coupon-list/admin-coupon-list.component.ts(4,31): error TS2307: Cannot find module '@angular/material/card' or its corresponding type declarations.
src/app/features/admin/coupons/admin-coupon-list/admin-coupon-list.component.ts(5,33): error TS2307: Cannot find module '@angular/material/button' or its corresponding type declarations.
src/app/features/admin/coupons/admin-coupon-list/admin-coupon-list.component.ts(6,31): error TS2307: Cannot find module '@angular/material/icon' or its corresponding type declarations.
src/app/features/admin/coupons/admin-coupon-list/admin-coupon-list.component.ts(7,32): error TS2307: Cannot find module '@angular/material/table' or its corresponding type declarations.
src/app/features/admin/coupons/admin-coupon-list/admin-coupon-list.component.ts(8,32): error TS2307: Cannot find module '@angular/material/input' or its corresponding type declarations.
src/app/features/admin/coupons/admin-coupon-list/admin-coupon-list.component.ts(9,37): error TS2307: Cannot find module '@angular/material/datepicker' or its corresponding type declarations.
src/app/features/admin/coupons/admin-coupon-list/admin-coupon-list.component.ts(10,37): error TS2307: Cannot find module '@angular/material/core' or its corresponding type declarations.
src/app/features/admin/coupons/admin-coupon-list/admin-coupon-list.component.ts(11,38): error TS2307: Cannot find module '@angular/material/slide-toggle' or its corresponding type declarations.
src/app/features/admin/coupons/admin-coupon-list/admin-coupon-list.component.ts(12,29): error TS2307: Cannot find module '@angular/material/snack-bar' or its corresponding type declarations.
src/app/features/admin/coupons/admin-coupon-list/admin-coupon-list.component.ts(13,31): error TS2307: Cannot find module '../../../../../core/services/coupon.service' or its corresponding type declarations.
src/app/features/admin/coupons/admin-coupon-list/admin-coupon-list.component.ts(14,24): error TS2307: Cannot find module '../../../../../core/models/models' or its corresponding type declarations.
src/app/features/admin/coupons/admin-coupon-list/admin-coupon-list.component.ts(181,5): error TS2571: Object is of type 'unknown'.
src/app/features/admin/coupons/admin-coupon-list/admin-coupon-list.component.ts(182,14): error TS7006: Parameter 'res' implicitly has an 'any' type.
src/app/features/admin/coupons/admin-coupon-list/admin-coupon-list.component.ts(197,5): error TS2571: Object is of type 'unknown'.
src/app/features/admin/coupons/admin-coupon-list/admin-coupon-list.component.ts(198,14): error TS7006: Parameter 'res' implicitly has an 'any' type.
src/app/features/admin/coupons/admin-coupon-list/admin-coupon-list.component.ts(200,11): error TS2571: Object is of type 'unknown'.
src/app/features/admin/coupons/admin-coupon-list/admin-coupon-list.component.ts(213,5): error TS2571: Object is of type 'unknown'.
src/app/features/admin/coupons/admin-coupon-list/admin-coupon-list.component.ts(214,14): error TS7006: Parameter 'res' implicitly has an 'any' type.
src/app/features/admin/coupons/admin-coupon-list/admin-coupon-list.component.ts(216,11): error TS2571: Object is of type 'unknown'.
src/app/features/admin/coupons/admin-coupon-list/admin-coupon-list.component.ts(227,7): error TS2571: Object is of type 'unknown'.
src/app/features/admin/coupons/admin-coupon-list/admin-coupon-list.component.ts(228,16): error TS7006: Parameter 'res' implicitly has an 'any' type.
src/app/features/admin/coupons/admin-coupon-list/admin-coupon-list.component.ts(230,13): error TS2571: Object is of type 'unknown'.
src/app/features/admin/dashboard/dashboard.component.ts(3,31): error TS2307: Cannot find module '@angular/material/card' or its corresponding type declarations.
src/app/features/admin/dashboard/dashboard.component.ts(4,31): error TS2307: Cannot find module '@angular/material/icon' or its corresponding type declarations.
src/app/features/admin/dashboard/dashboard.component.ts(5,36): error TS2307: Cannot find module 'ng2-charts' or its corresponding type declarations.
src/app/features/admin/dashboard/dashboard.component.ts(6,50): error TS2307: Cannot find module 'chart.js' or its corresponding type declarations.
src/app/features/admin/dashboard/dashboard.component.ts(9,29): error TS2307: Cannot find module '../../../../core/models/models' or its corresponding type declarations.
src/app/features/admin/orders/admin-order-detail/admin-order-detail.component.ts(5,31): error TS2307: Cannot find module '@angular/material/card' or its corresponding type declarations.
src/app/features/admin/orders/admin-order-detail/admin-order-detail.component.ts(6,33): error TS2307: Cannot find module '@angular/material/button' or its corresponding type declarations.
src/app/features/admin/orders/admin-order-detail/admin-order-detail.component.ts(7,31): error TS2307: Cannot find module '@angular/material/icon' or its corresponding type declarations.
src/app/features/admin/orders/admin-order-detail/admin-order-detail.component.ts(8,33): error TS2307: Cannot find module '@angular/material/select' or its corresponding type declarations.
src/app/features/admin/orders/admin-order-detail/admin-order-detail.component.ts(9,34): error TS2307: Cannot find module '@angular/material/divider' or its corresponding type declarations.
src/app/features/admin/orders/admin-order-detail/admin-order-detail.component.ts(10,29): error TS2307: Cannot find module '@angular/material/snack-bar' or its corresponding type declarations.
src/app/features/admin/orders/admin-order-detail/admin-order-detail.component.ts(11,30): error TS2307: Cannot find module '../../../../../core/services/order.service' or its corresponding type declarations.
src/app/features/admin/orders/admin-order-detail/admin-order-detail.component.ts(13,36): error TS2307: Cannot find module '../../../../../core/models/models' or its corresponding type declarations.
src/app/features/admin/orders/admin-order-detail/admin-order-detail.component.ts(195,5): error TS2571: Object is of type 'unknown'.
src/app/features/admin/orders/admin-order-detail/admin-order-detail.component.ts(196,14): error TS7006: Parameter 'res' implicitly has an 'any' type.
src/app/features/admin/orders/admin-order-detail/admin-order-detail.component.ts(216,5): error TS2571: Object is of type 'unknown'.
src/app/features/admin/orders/admin-order-detail/admin-order-detail.component.ts(217,14): error TS7006: Parameter 'res' implicitly has an 'any' type.
src/app/features/admin/orders/admin-order-detail/admin-order-detail.component.ts(222,11): error TS2571: Object is of type 'unknown'.
src/app/features/admin/orders/admin-order-list/admin-order-list.component.ts(4,31): error TS2307: Cannot find module '@angular/material/card' or its corresponding type declarations.
src/app/features/admin/orders/admin-order-list/admin-order-list.component.ts(5,33): error TS2307: Cannot find module '@angular/material/button' or its corresponding type declarations.
src/app/features/admin/orders/admin-order-list/admin-order-list.component.ts(6,31): error TS2307: Cannot find module '@angular/material/icon' or its corresponding type declarations.
src/app/features/admin/orders/admin-order-list/admin-order-list.component.ts(7,32): error TS2307: Cannot find module '@angular/material/table' or its corresponding type declarations.
src/app/features/admin/orders/admin-order-list/admin-order-list.component.ts(8,32): error TS2307: Cannot find module '@angular/material/chips' or its corresponding type declarations.
src/app/features/admin/orders/admin-order-list/admin-order-list.component.ts(9,47): error TS2307: Cannot find module '@angular/material/paginator' or its corresponding type declarations.
src/app/features/admin/orders/admin-order-list/admin-order-list.component.ts(10,30): error TS2307: Cannot find module '../../../../../core/services/order.service' or its corresponding type declarations.
src/app/features/admin/orders/admin-order-list/admin-order-list.component.ts(11,36): error TS2307: Cannot find module '../../../../../core/models/models' or its corresponding type declarations.
src/app/features/admin/orders/admin-order-list/admin-order-list.component.ts(136,5): error TS2571: Object is of type 'unknown'.
src/app/features/admin/orders/admin-order-list/admin-order-list.component.ts(137,14): error TS7006: Parameter 'res' implicitly has an 'any' type.
src/app/features/admin/products/admin-product-form/admin-product-form.component.ts(5,31): error TS2307: Cannot find module '@angular/material/card' or its corresponding type declarations.
src/app/features/admin/products/admin-product-form/admin-product-form.component.ts(6,32): error TS2307: Cannot find module '@angular/material/input' or its corresponding type declarations.
src/app/features/admin/products/admin-product-form/admin-product-form.component.ts(7,33): error TS2307: Cannot find module '@angular/material/button' or its corresponding type declarations.
src/app/features/admin/products/admin-product-form/admin-product-form.component.ts(8,31): error TS2307: Cannot find module '@angular/material/icon' or its corresponding type declarations.
src/app/features/admin/products/admin-product-form/admin-product-form.component.ts(9,33): error TS2307: Cannot find module '@angular/material/select' or its corresponding type declarations.
src/app/features/admin/products/admin-product-form/admin-product-form.component.ts(10,29): error TS2307: Cannot find module '@angular/material/snack-bar' or its corresponding type declarations.
src/app/features/admin/products/admin-product-form/admin-product-form.component.ts(11,32): error TS2307: Cannot find module '../../../../../core/services/product.service' or its corresponding type declarations.
src/app/features/admin/products/admin-product-form/admin-product-form.component.ts(12,51): error TS2307: Cannot find module '../../../../../core/models/models' or its corresponding type declarations.
src/app/features/admin/products/admin-product-form/admin-product-form.component.ts(208,5): error TS2571: Object is of type 'unknown'.
src/app/features/admin/products/admin-product-form/admin-product-form.component.ts(208,51): error TS7006: Parameter 'res' implicitly has an 'any' type.
src/app/features/admin/products/admin-product-form/admin-product-form.component.ts(226,5): error TS2571: Object is of type 'unknown'.
src/app/features/admin/products/admin-product-form/admin-product-form.component.ts(227,14): error TS7006: Parameter 'res' implicitly has an 'any' type.
src/app/features/admin/products/admin-product-form/admin-product-form.component.ts(282,9): error TS2571: Object is of type 'unknown'.
src/app/features/admin/products/admin-product-form/admin-product-form.component.ts(283,9): error TS2571: Object is of type 'unknown'.
src/app/features/admin/products/admin-product-form/admin-product-form.component.ts(286,14): error TS7006: Parameter 'res' implicitly has an 'any' type.
src/app/features/admin/products/admin-product-form/admin-product-form.component.ts(289,11): error TS2571: Object is of type 'unknown'.
src/app/features/admin/products/admin-product-list/admin-product-list.component.ts(4,31): error TS2307: Cannot find module '@angular/material/card' or its corresponding type declarations.
src/app/features/admin/products/admin-product-list/admin-product-list.component.ts(5,33): error TS2307: Cannot find module '@angular/material/button' or its corresponding type declarations.
src/app/features/admin/products/admin-product-list/admin-product-list.component.ts(6,31): error TS2307: Cannot find module '@angular/material/icon' or its corresponding type declarations.
src/app/features/admin/products/admin-product-list/admin-product-list.component.ts(7,32): error TS2307: Cannot find module '@angular/material/table' or its corresponding type declarations.
src/app/features/admin/products/admin-product-list/admin-product-list.component.ts(8,47): error TS2307: Cannot find module '@angular/material/paginator' or its corresponding type declarations.
src/app/features/admin/products/admin-product-list/admin-product-list.component.ts(9,29): error TS2307: Cannot find module '@angular/material/snack-bar' or its corresponding type declarations.
src/app/features/admin/products/admin-product-list/admin-product-list.component.ts(10,32): error TS2307: Cannot find module '../../../../../core/services/product.service' or its corresponding type declarations.
src/app/features/admin/products/admin-product-list/admin-product-list.component.ts(11,25): error TS2307: Cannot find module '../../../../../core/models/models' or its corresponding type declarations.
src/app/features/admin/products/admin-product-list/admin-product-list.component.ts(150,5): error TS2571: Object is of type 'unknown'.
src/app/features/admin/products/admin-product-list/admin-product-list.component.ts(151,14): error TS7006: Parameter 'res' implicitly has an 'any' type.
src/app/features/admin/products/admin-product-list/admin-product-list.component.ts(170,37): error TS7006: Parameter 'sum' implicitly has an 'any' type.
src/app/features/admin/products/admin-product-list/admin-product-list.component.ts(170,42): error TS7006: Parameter 'v' implicitly has an 'any' type.
src/app/features/admin/products/admin-product-list/admin-product-list.component.ts(176,7): error TS2571: Object is of type 'unknown'.
src/app/features/admin/products/admin-product-list/admin-product-list.component.ts(177,16): error TS7006: Parameter 'res' implicitly has an 'any' type.
src/app/features/admin/products/admin-product-list/admin-product-list.component.ts(180,13): error TS2571: Object is of type 'unknown'.
src/app/features/admin/users/admin-user-list/admin-user-list.component.ts(3,31): error TS2307: Cannot find module '@angular/material/card' or its corresponding type declarations.
src/app/features/admin/users/admin-user-list/admin-user-list.component.ts(4,33): error TS2307: Cannot find module '@angular/material/button' or its corresponding type declarations.
src/app/features/admin/users/admin-user-list/admin-user-list.component.ts(5,31): error TS2307: Cannot find module '@angular/material/icon' or its corresponding type declarations.
src/app/features/admin/users/admin-user-list/admin-user-list.component.ts(6,32): error TS2307: Cannot find module '@angular/material/table' or its corresponding type declarations.
src/app/features/admin/users/admin-user-list/admin-user-list.component.ts(7,32): error TS2307: Cannot find module '@angular/material/chips' or its corresponding type declarations.
src/app/features/admin/users/admin-user-list/admin-user-list.component.ts(8,47): error TS2307: Cannot find module '@angular/material/paginator' or its corresponding type declarations.
src/app/features/admin/users/admin-user-list/admin-user-list.component.ts(11,41): error TS2307: Cannot find module '../../../../../core/models/models' or its corresponding type declarations.
src/app/features/admin/users/admin-user-list/admin-user-list.component.ts(13,29): error TS2307: Cannot find module '@angular/material/snack-bar' or its corresponding type declarations.
src/app/features/admin/users/admin-user-list/admin-user-list.component.ts(150,13): error TS2571: Object is of type 'unknown'.
src/app/features/admin/users/admin-user-list/admin-user-list.component.ts(154,13): error TS2571: Object is of type 'unknown'.
src/app/features/auth/login/login.component.ts(5,31): error TS2307: Cannot find module '@angular/material/card' or its corresponding type declarations.
src/app/features/auth/login/login.component.ts(6,32): error TS2307: Cannot find module '@angular/material/input' or its corresponding type declarations.
src/app/features/auth/login/login.component.ts(7,33): error TS2307: Cannot find module '@angular/material/button' or its corresponding type declarations.
src/app/features/auth/register/register.component.ts(5,31): error TS2307: Cannot find module '@angular/material/card' or its corresponding type declarations.
src/app/features/auth/register/register.component.ts(6,32): error TS2307: Cannot find module '@angular/material/input' or its corresponding type declarations.
src/app/features/auth/register/register.component.ts(7,33): error TS2307: Cannot find module '@angular/material/button' or its corresponding type declarations.
src/app/features/cart/cart-page/cart-page.component.ts(5,31): error TS2307: Cannot find module '@angular/material/card' or its corresponding type declarations.
src/app/features/cart/cart-page/cart-page.component.ts(6,33): error TS2307: Cannot find module '@angular/material/button' or its corresponding type declarations.
src/app/features/cart/cart-page/cart-page.component.ts(7,31): error TS2307: Cannot find module '@angular/material/icon' or its corresponding type declarations.
src/app/features/cart/cart-page/cart-page.component.ts(8,32): error TS2307: Cannot find module '@angular/material/input' or its corresponding type declarations.
src/app/features/cart/cart-page/cart-page.component.ts(9,34): error TS2307: Cannot find module '@angular/material/divider' or its corresponding type declarations.
src/app/features/cart/cart-page/cart-page.component.ts(10,29): error TS2307: Cannot find module '@angular/material/snack-bar' or its corresponding type declarations.
src/app/features/cart/cart-page/cart-page.component.ts(11,29): error TS2307: Cannot find module '../../../../core/services/cart.service' or its corresponding type declarations.
src/app/features/cart/cart-page/cart-page.component.ts(12,31): error TS2307: Cannot find module '../../../../core/services/coupon.service' or its corresponding type declarations.
src/app/features/cart/cart-page/cart-page.component.ts(13,24): error TS2307: Cannot find module '../../../../core/models/models' or its corresponding type declarations.
src/app/features/cart/cart-page/cart-page.component.ts(182,5): error TS2571: Object is of type 'unknown'.
src/app/features/cart/cart-page/cart-page.component.ts(192,5): error TS2571: Object is of type 'unknown'.
src/app/features/cart/cart-page/cart-page.component.ts(196,5): error TS2571: Object is of type 'unknown'.
src/app/features/cart/cart-page/cart-page.component.ts(201,7): error TS2571: Object is of type 'unknown'.
src/app/features/cart/cart-page/cart-page.component.ts(207,18): error TS2571: Object is of type 'unknown'.
src/app/features/cart/cart-page/cart-page.component.ts(209,31): error TS7006: Parameter 'sum' implicitly has an 'any' type.
src/app/features/cart/cart-page/cart-page.component.ts(209,36): error TS7006: Parameter 'item' implicitly has an 'any' type.
src/app/features/cart/cart-page/cart-page.component.ts(218,7): error TS2571: Object is of type 'unknown'.
src/app/features/cart/cart-page/cart-page.component.ts(237,5): error TS2571: Object is of type 'unknown'.
src/app/features/cart/cart-page/cart-page.component.ts(238,14): error TS7006: Parameter 'res' implicitly has an 'any' type.
src/app/features/cart/cart-page/cart-page.component.ts(243,13): error TS2571: Object is of type 'unknown'.
src/app/features/cart/cart-page/cart-page.component.ts(249,11): error TS2571: Object is of type 'unknown'.
src/app/features/cart/cart-page/cart-page.component.ts(265,10): error TS2571: Object is of type 'unknown'.
src/app/features/checkout/checkout-page/checkout-page.component.ts(5,31): error TS2307: Cannot find module '@angular/material/card' or its corresponding type declarations.
src/app/features/checkout/checkout-page/checkout-page.component.ts(6,32): error TS2307: Cannot find module '@angular/material/input' or its corresponding type declarations.
src/app/features/checkout/checkout-page/checkout-page.component.ts(7,33): error TS2307: Cannot find module '@angular/material/button' or its corresponding type declarations.
src/app/features/checkout/checkout-page/checkout-page.component.ts(8,32): error TS2307: Cannot find module '@angular/material/radio' or its corresponding type declarations.
src/app/features/checkout/checkout-page/checkout-page.component.ts(9,34): error TS2307: Cannot find module '@angular/material/divider' or its corresponding type declarations.
src/app/features/checkout/checkout-page/checkout-page.component.ts(10,29): error TS2307: Cannot find module '@angular/material/snack-bar' or its corresponding type declarations.
src/app/features/checkout/checkout-page/checkout-page.component.ts(11,29): error TS2307: Cannot find module '../../../../core/services/cart.service' or its corresponding type declarations.
src/app/features/checkout/checkout-page/checkout-page.component.ts(12,30): error TS2307: Cannot find module '../../../../core/services/order.service' or its corresponding type declarations.
src/app/features/checkout/checkout-page/checkout-page.component.ts(13,39): error TS2307: Cannot find module '../../../../core/models/models' or its corresponding type declarations.
src/app/features/checkout/checkout-page/checkout-page.component.ts(218,10): error TS2571: Object is of type 'unknown'.
src/app/features/checkout/checkout-page/checkout-page.component.ts(224,18): error TS2571: Object is of type 'unknown'.
src/app/features/checkout/checkout-page/checkout-page.component.ts(226,31): error TS7006: Parameter 'sum' implicitly has an 'any' type.
src/app/features/checkout/checkout-page/checkout-page.component.ts(226,36): error TS7006: Parameter 'item' implicitly has an 'any' type.
src/app/features/checkout/checkout-page/checkout-page.component.ts(258,5): error TS2571: Object is of type 'unknown'.
src/app/features/checkout/checkout-page/checkout-page.component.ts(259,14): error TS7006: Parameter 'res' implicitly has an 'any' type.
src/app/features/checkout/checkout-page/checkout-page.component.ts(264,11): error TS2571: Object is of type 'unknown'.
src/app/features/checkout/checkout-page/checkout-page.component.ts(266,11): error TS2571: Object is of type 'unknown'.
src/app/features/home/home.component.ts(4,31): error TS2307: Cannot find module '@angular/material/card' or its corresponding type declarations.
src/app/features/home/home.component.ts(5,33): error TS2307: Cannot find module '@angular/material/button' or its corresponding type declarations.
src/app/features/home/home.component.ts(6,31): error TS2307: Cannot find module '@angular/material/icon' or its corresponding type declarations.
src/app/features/home/home.component.ts(7,31): error TS2307: Cannot find module '../../../core/services/banner.service' or its corresponding type declarations.
src/app/features/home/home.component.ts(8,32): error TS2307: Cannot find module '../../../core/services/product.service' or its corresponding type declarations.
src/app/features/home/home.component.ts(9,43): error TS2307: Cannot find module '../../../core/models/models' or its corresponding type declarations.
src/app/features/home/home.component.ts(155,5): error TS2571: Object is of type 'unknown'.
src/app/features/home/home.component.ts(155,53): error TS7006: Parameter 'res' implicitly has an 'any' type.
src/app/features/home/home.component.ts(159,5): error TS2571: Object is of type 'unknown'.
src/app/features/home/home.component.ts(159,51): error TS7006: Parameter 'res' implicitly has an 'any' type.
src/app/features/home/home.component.ts(163,5): error TS2571: Object is of type 'unknown'.
src/app/features/home/home.component.ts(163,71): error TS7006: Parameter 'res' implicitly has an 'any' type.
src/app/features/orders/order-detail/order-detail.component.ts(4,31): error TS2307: Cannot find module '@angular/material/card' or its corresponding type declarations.
src/app/features/orders/order-detail/order-detail.component.ts(5,33): error TS2307: Cannot find module '@angular/material/button' or its corresponding type declarations.
src/app/features/orders/order-detail/order-detail.component.ts(6,31): error TS2307: Cannot find module '@angular/material/icon' or its corresponding type declarations.
src/app/features/orders/order-detail/order-detail.component.ts(7,32): error TS2307: Cannot find module '@angular/material/chips' or its corresponding type declarations.
src/app/features/orders/order-detail/order-detail.component.ts(8,34): error TS2307: Cannot find module '@angular/material/stepper' or its corresponding type declarations.
src/app/features/orders/order-detail/order-detail.component.ts(9,34): error TS2307: Cannot find module '@angular/material/divider' or its corresponding type declarations.
src/app/features/orders/order-detail/order-detail.component.ts(10,29): error TS2307: Cannot find module '@angular/material/snack-bar' or its corresponding type declarations.
src/app/features/orders/order-detail/order-detail.component.ts(11,30): error TS2307: Cannot find module '../../../../core/services/order.service' or its corresponding type declarations.
src/app/features/orders/order-detail/order-detail.component.ts(13,36): error TS2307: Cannot find module '../../../../core/models/models' or its corresponding type declarations.
src/app/features/orders/order-detail/order-detail.component.ts(216,5): error TS2571: Object is of type 'unknown'.
src/app/features/orders/order-detail/order-detail.component.ts(217,14): error TS7006: Parameter 'res' implicitly has an 'any' type.
src/app/features/orders/order-detail/order-detail.component.ts(261,5): error TS2571: Object is of type 'unknown'.
src/app/features/orders/order-detail/order-detail.component.ts(262,14): error TS7006: Parameter 'res' implicitly has an 'any' type.
src/app/features/orders/order-detail/order-detail.component.ts(267,11): error TS2571: Object is of type 'unknown'.
src/app/features/orders/order-list/order-list.component.ts(4,31): error TS2307: Cannot find module '@angular/material/card' or its corresponding type declarations.
src/app/features/orders/order-list/order-list.component.ts(5,33): error TS2307: Cannot find module '@angular/material/button' or its corresponding type declarations.
src/app/features/orders/order-list/order-list.component.ts(6,31): error TS2307: Cannot find module '@angular/material/icon' or its corresponding type declarations.
src/app/features/orders/order-list/order-list.component.ts(7,32): error TS2307: Cannot find module '@angular/material/chips' or its corresponding type declarations.
src/app/features/orders/order-list/order-list.component.ts(8,47): error TS2307: Cannot find module '@angular/material/paginator' or its corresponding type declarations.
src/app/features/orders/order-list/order-list.component.ts(9,30): error TS2307: Cannot find module '../../../../core/services/order.service' or its corresponding type declarations.
src/app/features/orders/order-list/order-list.component.ts(11,36): error TS2307: Cannot find module '../../../../core/models/models' or its corresponding type declarations.
src/app/features/orders/order-list/order-list.component.ts(121,5): error TS2571: Object is of type 'unknown'.
src/app/features/orders/order-list/order-list.component.ts(122,14): error TS7006: Parameter 'res' implicitly has an 'any' type.
src/app/features/products/product-card/product-card.component.ts(4,31): error TS2307: Cannot find module '@angular/material/card' or its corresponding type declarations.
src/app/features/products/product-card/product-card.component.ts(5,33): error TS2307: Cannot find module '@angular/material/button' or its corresponding type declarations.
src/app/features/products/product-card/product-card.component.ts(6,31): error TS2307: Cannot find module '@angular/material/icon' or its corresponding type declarations.
src/app/features/products/product-card/product-card.component.ts(7,29): error TS2307: Cannot find module '@angular/material/snack-bar' or its corresponding type declarations.
src/app/features/products/product-card/product-card.component.ts(8,25): error TS2307: Cannot find module '../../../../core/models/models' or its corresponding type declarations.
src/app/features/products/product-card/product-card.component.ts(9,33): error TS2307: Cannot find module '../../../../core/services/wishlist.service' or its corresponding type declarations.
src/app/features/products/product-card/product-card.component.ts(10,29): error TS2307: Cannot find module '../../../../core/services/auth.service' or its corresponding type declarations.
src/app/features/products/product-card/product-card.component.ts(107,50): error TS7006: Parameter 'v' implicitly has an 'any' type.
src/app/features/products/product-card/product-card.component.ts(113,39): error TS7006: Parameter 'v' implicitly has an 'any' type.
src/app/features/products/product-card/product-card.component.ts(117,12): error TS2571: Object is of type 'unknown'.
src/app/features/products/product-card/product-card.component.ts(121,10): error TS2571: Object is of type 'unknown'.
src/app/features/products/product-card/product-card.component.ts(122,7): error TS2571: Object is of type 'unknown'.
src/app/features/products/product-card/product-card.component.ts(128,7): error TS2571: Object is of type 'unknown'.
src/app/features/products/product-card/product-card.component.ts(130,7): error TS2571: Object is of type 'unknown'.
src/app/features/products/product-detail/product-detail.component.ts(4,33): error TS2307: Cannot find module '@angular/material/button' or its corresponding type declarations.
src/app/features/products/product-detail/product-detail.component.ts(5,31): error TS2307: Cannot find module '@angular/material/icon' or its corresponding type declarations.
src/app/features/products/product-detail/product-detail.component.ts(6,31): error TS2307: Cannot find module '@angular/material/tabs' or its corresponding type declarations.
src/app/features/products/product-detail/product-detail.component.ts(7,32): error TS2307: Cannot find module '@angular/material/chips' or its corresponding type declarations.
src/app/features/products/product-detail/product-detail.component.ts(8,29): error TS2307: Cannot find module '@angular/material/snack-bar' or its corresponding type declarations.
src/app/features/products/product-detail/product-detail.component.ts(9,32): error TS2307: Cannot find module '../../../../core/services/product.service' or its corresponding type declarations.
src/app/features/products/product-detail/product-detail.component.ts(10,29): error TS2307: Cannot find module '../../../../core/services/cart.service' or its corresponding type declarations.
src/app/features/products/product-detail/product-detail.component.ts(11,29): error TS2307: Cannot find module '../../../../core/services/auth.service' or its corresponding type declarations.
src/app/features/products/product-detail/product-detail.component.ts(12,41): error TS2307: Cannot find module '../../../../core/models/models' or its corresponding type declarations.
src/app/features/products/product-detail/product-detail.component.ts(178,5): error TS2571: Object is of type 'unknown'.
src/app/features/products/product-detail/product-detail.component.ts(179,14): error TS7006: Parameter 'res' implicitly has an 'any' type.
src/app/features/products/product-detail/product-detail.component.ts(222,10): error TS2571: Object is of type 'unknown'.
src/app/features/products/product-detail/product-detail.component.ts(223,7): error TS2571: Object is of type 'unknown'.
src/app/features/products/product-detail/product-detail.component.ts(230,7): error TS2571: Object is of type 'unknown'.
src/app/features/products/product-detail/product-detail.component.ts(231,16): error TS7006: Parameter 'res' implicitly has an 'any' type.
src/app/features/products/product-detail/product-detail.component.ts(234,13): error TS2571: Object is of type 'unknown'.
src/app/features/products/product-list/product-list.component.ts(5,34): error TS2307: Cannot find module '@angular/material/sidenav' or its corresponding type declarations.
src/app/features/products/product-list/product-list.component.ts(6,35): error TS2307: Cannot find module '@angular/material/checkbox' or its corresponding type declarations.
src/app/features/products/product-list/product-list.component.ts(7,33): error TS2307: Cannot find module '@angular/material/slider' or its corresponding type declarations.
src/app/features/products/product-list/product-list.component.ts(8,33): error TS2307: Cannot find module '@angular/material/select' or its corresponding type declarations.
src/app/features/products/product-list/product-list.component.ts(9,47): error TS2307: Cannot find module '@angular/material/paginator' or its corresponding type declarations.
src/app/features/products/product-list/product-list.component.ts(10,32): error TS2307: Cannot find module '@angular/material/input' or its corresponding type declarations.
src/app/features/products/product-list/product-list.component.ts(11,31): error TS2307: Cannot find module '@angular/material/icon' or its corresponding type declarations.
src/app/features/products/product-list/product-list.component.ts(12,33): error TS2307: Cannot find module '@angular/material/button' or its corresponding type declarations.
src/app/features/products/product-list/product-list.component.ts(13,32): error TS2307: Cannot find module '../../../../core/services/product.service' or its corresponding type declarations.
src/app/features/products/product-list/product-list.component.ts(14,35): error TS2307: Cannot find module '../../../../core/models/models' or its corresponding type declarations.
src/app/features/products/product-list/product-list.component.ts(133,5): error TS2571: Object is of type 'unknown'.
src/app/features/products/product-list/product-list.component.ts(133,51): error TS7006: Parameter 'res' implicitly has an 'any' type.
src/app/features/products/product-list/product-list.component.ts(157,5): error TS2571: Object is of type 'unknown'.
src/app/features/products/product-list/product-list.component.ts(158,14): error TS7006: Parameter 'res' implicitly has an 'any' type.
src/app/features/products/product-list/product-list.component.ts(164,38): error TS7006: Parameter 'p' implicitly has an 'any' type.
src/app/features/products/product-list/product-list.component.ts(168,38): error TS7006: Parameter 'p' implicitly has an 'any' type.
src/app/features/profile/profile-page/profile-page.component.ts(5,31): error TS2307: Cannot find module '@angular/material/card' or its corresponding type declarations.
src/app/features/profile/profile-page/profile-page.component.ts(6,32): error TS2307: Cannot find module '@angular/material/input' or its corresponding type declarations.
src/app/features/profile/profile-page/profile-page.component.ts(7,33): error TS2307: Cannot find module '@angular/material/button' or its corresponding type declarations.
src/app/features/profile/profile-page/profile-page.component.ts(8,29): error TS2307: Cannot find module '@angular/material/snack-bar' or its corresponding type declarations.
src/app/features/profile/profile-page/profile-page.component.ts(9,29): error TS2307: Cannot find module '../../../../core/services/auth.service' or its corresponding type declarations.
src/app/features/profile/profile-page/profile-page.component.ts(12,35): error TS2307: Cannot find module '../../../../core/models/models' or its corresponding type declarations.
src/app/features/profile/profile-page/profile-page.component.ts(104,17): error TS2571: Object is of type 'unknown'.
src/app/features/profile/profile-page/profile-page.component.ts(134,13): error TS2571: Object is of type 'unknown'.
src/app/features/profile/profile-page/profile-page.component.ts(135,13): error TS2571: Object is of type 'unknown'.
src/app/features/wishlist/wishlist-page/wishlist-page.component.ts(4,31): error TS2307: Cannot find module '@angular/material/card' or its corresponding type declarations.
src/app/features/wishlist/wishlist-page/wishlist-page.component.ts(5,33): error TS2307: Cannot find module '@angular/material/button' or its corresponding type declarations.
src/app/features/wishlist/wishlist-page/wishlist-page.component.ts(6,31): error TS2307: Cannot find module '@angular/material/icon' or its corresponding type declarations.
src/app/features/wishlist/wishlist-page/wishlist-page.component.ts(7,29): error TS2307: Cannot find module '@angular/material/snack-bar' or its corresponding type declarations.
src/app/features/wishlist/wishlist-page/wishlist-page.component.ts(8,33): error TS2307: Cannot find module '../../../../core/services/wishlist.service' or its corresponding type declarations.
src/app/features/wishlist/wishlist-page/wishlist-page.component.ts(9,29): error TS2307: Cannot find module '../../../../core/services/cart.service' or its corresponding type declarations.
src/app/features/wishlist/wishlist-page/wishlist-page.component.ts(12,32): error TS2307: Cannot find module '../../../../core/models/models' or its corresponding type declarations.
src/app/features/wishlist/wishlist-page/wishlist-page.component.ts(93,5): error TS2571: Object is of type 'unknown'.
src/app/features/wishlist/wishlist-page/wishlist-page.component.ts(101,7): error TS2571: Object is of type 'unknown'.
src/app/features/wishlist/wishlist-page/wishlist-page.component.ts(108,5): error TS2571: Object is of type 'unknown'.
src/app/features/wishlist/wishlist-page/wishlist-page.component.ts(108,68): error TS7006: Parameter 'res' implicitly has an 'any' type.
src/app/features/wishlist/wishlist-page/wishlist-page.component.ts(111,9): error TS2571: Object is of type 'unknown'.
src/app/features/wishlist/wishlist-page/wishlist-page.component.ts(112,9): error TS2571: Object is of type 'unknown'.
src/app/layouts/admin-layout/admin-layout.component.ts(4,34): error TS2307: Cannot find module '@angular/material/sidenav' or its corresponding type declarations.
src/app/layouts/admin-layout/admin-layout.component.ts(5,31): error TS2307: Cannot find module '@angular/material/list' or its corresponding type declarations.
src/app/layouts/admin-layout/admin-layout.component.ts(6,34): error TS2307: Cannot find module '@angular/material/toolbar' or its corresponding type declarations.
src/app/layouts/admin-layout/admin-layout.component.ts(7,31): error TS2307: Cannot find module '@angular/material/icon' or its corresponding type declarations.
src/app/layouts/admin-layout/admin-layout.component.ts(8,33): error TS2307: Cannot find module '@angular/material/button' or its corresponding type declarations.
src/app/layouts/client-layout/client-layout.component.ts(4,34): error TS2307: Cannot find module '@angular/material/toolbar' or its corresponding type declarations.
src/app/layouts/client-layout/client-layout.component.ts(5,33): error TS2307: Cannot find module '@angular/material/button' or its corresponding type declarations.
src/app/layouts/client-layout/client-layout.component.ts(6,31): error TS2307: Cannot find module '@angular/material/icon' or its corresponding type declarations.
src/app/layouts/client-layout/client-layout.component.ts(7,32): error TS2307: Cannot find module '@angular/material/badge' or its corresponding type declarations.
src/app/layouts/client-layout/client-layout.component.ts(8,31): error TS2307: Cannot find module '@angular/material/menu' or its corresponding type declarations.
src/app/shared/components/image-upload/image-upload.component.ts(3,33): error TS2307: Cannot find module '@angular/material/button' or its corresponding type declarations.
src/app/shared/components/image-upload/image-upload.component.ts(4,31): error TS2307: Cannot find module '@angular/material/icon' or its corresponding type declarations.
src/app/shared/components/image-upload/image-upload.component.ts(5,38): error TS2307: Cannot find module '@angular/material/progress-bar' or its corresponding type declarations.
src/app/shared/components/loading-spinner/loading-spinner.component.ts(3,42): error TS2307: Cannot find module '@angular/material/progress-spinner' or its corresponding type declarations.
src/app/shared/components/star-rating/star-rating.component.ts(3,31): error TS2307: Cannot find module '@angular/material/icon' or its corresponding type declarations.
