node.exe : - 
Building...
At C:\Program Files\nod
ejs\npx.ps1:29 char:3
+   & $NODE_EXE 
$NPX_CLI_JS $args
+   ~~~~~~~~~~~~~~~~~~~
~~~~~~~~~~
    + CategoryInfo     
         : NotSpecifi  
  ed: (- Building...   
 :String) [], Remot    
eException
    + FullyQualifiedEr 
   rorId : NativeComm  
  andError
 

Prerendered 0 static routes.
Application bundle generation failed. [15.133 seconds]

X [ERROR] TS-992011: 
The directive 
'BaseChartDirective' 
appears in 'imports', 
but is not standalone 
and cannot be imported 
directly. It must be 
imported via an 
NgModule. [plugin 
angular-compiler]

    src/app/features/ad
min/dashboard/dashboard
.component.ts:24:56:
      24 Γöé 
...Module, 
MatIconModule, 
BaseChartDirective, 
LoadingSpinnerCompon...
         Γò╡           
                
~~~~~~~~~~~~~~~~~~


